2017-09-21  14:40:51 [Info]:   读取读卡器名称: Identive uTrust 4700 F CL Reader 1
2017-09-21  14:40:51 [Info]:   读取读卡器名称: Identive uTrust 4700 F Contact Reader 0
2017-09-21  14:40:55 [Debug]:   Start PBOC trans...
2017-09-21  14:40:55 [Info]:   00A404000E325041592E5359532E4444463031
2017-09-21  14:40:55 [Info]:   [84]=325041592E5359532E4444463031
2017-09-21  14:40:55 [Info]:   [4F]=A000000333010101
2017-09-21  14:40:55 [Info]:   [50]=50424F43204445424954
2017-09-21  14:40:55 [Info]:   [87]=01
2017-09-21  14:40:55 [Info]:   00A4040008A000000333010101
2017-09-21  14:40:55 [Info]:   [84]=A000000333010101
2017-09-21  14:40:55 [Info]:   [50]=50424F43204445424954
2017-09-21  14:40:55 [Info]:   [87]=01
2017-09-21  14:40:55 [Info]:   [9F38]=9F66049F02069F03069F1A0295055F2A029A039C019F3704DF6001DF6901
2017-09-21  14:40:55 [Info]:   [5F2D]=7A68
2017-09-21  14:40:55 [Info]:   [9F11]=01
2017-09-21  14:40:55 [Info]:   [9F12]=50424F43204445424954
2017-09-21  14:40:55 [Info]:   [9F4D]=0B0A
2017-09-21  14:40:55 [Info]:   [DF4D]=0C0A
2017-09-21  14:40:55 [Info]:   [DF61]=C2
2017-09-21  14:40:55 [Info]:   ======================== 应用初始化 开始 =================================
2017-09-21  14:40:55 [Error]:   terminal tag 95 is empty string
2017-09-21  14:40:55 [Info]:   ======================== 读应用数据 开始 =================================
2017-09-21  14:40:55 [Error]:   tag 94 can not be found!
2017-09-21  14:40:55 [Info]:   ======================== 脱机数据认证 开始 =================================
2017-09-21  14:40:55 [Info]:   Issuser Public Key: 
2017-09-21  14:40:55 [Info]:   static app data: 
2017-09-21  14:40:55 [Info]:   SDA validate failed.
2017-09-21  14:40:55 [Info]:   ======================== 处理限制 开始 =================================
2017-09-21  14:40:55 [Error]:   生效日期错误: 生效日期:[], 交易日期[170921]
2017-09-21  14:40:55 [Error]:   失效日期错误: 失效日期:[],交易日期[170921]
2017-09-21  14:40:55 [Info]:   应用版本号检查失败!卡片应用版本号:[],终端应用版本号:[0030]
2017-09-21  14:40:55 [Error]:   AUC format error. value[]
2017-09-21  14:40:55 [Info]:   ======================== 持卡人验证 开始 =================================
2017-09-21  14:40:55 [Error]:   CMV format error. value[]
2017-09-21  14:40:55 [Info]:   ======================== 终端风险管理 开始 =================================
2017-09-21  14:40:55 [Info]:   80CA0081
2017-09-21  14:40:55 [Info]:   80CA9F13
2017-09-21  14:40:55 [Info]:   80CA9F36
2017-09-21  14:40:55 [Error]:   Offline trans floor limit format error. value[]
2017-09-21  14:40:55 [Info]:   ======================== 终端行为分析 开始 =================================
2017-09-21  14:40:55 [Info]:   IAC Default: 0000000000
2017-09-21  14:40:55 [Info]:   TVR: 00E0040000
2017-09-21  14:40:55 [Info]:   终端执行 TAC-缺省(TC)
2017-09-21  14:40:55 [Info]:   ======================== 卡片行为分析 开始 =================================
2017-09-21  14:40:55 [Info]:   80AE400000
2017-09-21  14:40:55 [Error]:   GAC return data incorrected. value []
2017-09-21  14:40:55 [Info]:   ======================== 联机处理 开始 =================================
2017-09-21  14:40:55 [Error]:   联机处理 生成ARPC失败
2017-09-21  14:40:55 [Info]:   ======================== 交易结束 开始 =================================
2017-09-21  14:41:43 [Info]:   80AE000000
2017-09-21  14:43:03 [Info]:   读取读卡器名称: Identive uTrust 4700 F CL Reader 1
2017-09-21  14:43:03 [Info]:   读取读卡器名称: Identive uTrust 4700 F Contact Reader 0
2017-09-21  14:43:06 [Debug]:   Start PBOC trans...
2017-09-21  14:43:06 [Info]:   00A404000E325041592E5359532E4444463031
2017-09-21  14:43:06 [Info]:   [84]=325041592E5359532E4444463031
2017-09-21  14:43:06 [Info]:   [4F]=A000000333010101
2017-09-21  14:43:06 [Info]:   [50]=50424F43204445424954
2017-09-21  14:43:06 [Info]:   [87]=01
2017-09-21  14:43:06 [Info]:   00A4040008A000000333010101
2017-09-21  14:43:06 [Info]:   [84]=A000000333010101
2017-09-21  14:43:06 [Info]:   [50]=50424F43204445424954
2017-09-21  14:43:06 [Info]:   [87]=01
2017-09-21  14:43:06 [Info]:   [9F38]=9F66049F02069F03069F1A0295055F2A029A039C019F3704DF6001DF6901
2017-09-21  14:43:06 [Info]:   [5F2D]=7A68
2017-09-21  14:43:06 [Info]:   [9F11]=01
2017-09-21  14:43:06 [Info]:   [9F12]=50424F43204445424954
2017-09-21  14:43:06 [Info]:   [9F4D]=0B0A
2017-09-21  14:43:06 [Info]:   [DF4D]=0C0A
2017-09-21  14:43:06 [Info]:   [DF61]=C2
2017-09-21  14:43:06 [Info]:   ======================== 应用初始化 开始 =================================
2017-09-21  14:43:06 [Error]:   terminal tag 95 is empty string
2017-09-21  14:43:06 [Info]:   ======================== 读应用数据 开始 =================================
2017-09-21  14:43:06 [Error]:   tag 94 can not be found!
2017-09-21  14:43:06 [Info]:   ======================== 脱机数据认证 开始 =================================
2017-09-21  14:43:06 [Info]:   Issuser Public Key: 
2017-09-21  14:43:06 [Info]:   static app data: 
2017-09-21  14:43:06 [Info]:   SDA validate failed.
2017-09-21  14:43:06 [Info]:   ======================== 处理限制 开始 =================================
2017-09-21  14:43:06 [Error]:   生效日期错误: 生效日期:[], 交易日期[170921]
2017-09-21  14:43:06 [Error]:   失效日期错误: 失效日期:[],交易日期[170921]
2017-09-21  14:43:06 [Info]:   应用版本号检查失败!卡片应用版本号:[],终端应用版本号:[0030]
2017-09-21  14:43:06 [Error]:   AUC format error. value[]
2017-09-21  14:43:06 [Info]:   ======================== 持卡人验证 开始 =================================
2017-09-21  14:43:06 [Error]:   CMV format error. value[]
2017-09-21  14:43:06 [Info]:   ======================== 终端风险管理 开始 =================================
2017-09-21  14:43:06 [Info]:   80CA0081
2017-09-21  14:43:06 [Info]:   80CA9F13
2017-09-21  14:43:06 [Info]:   80CA9F36
2017-09-21  14:43:06 [Error]:   Offline trans floor limit format error. value[]
2017-09-21  14:43:06 [Info]:   ======================== 终端行为分析 开始 =================================
2017-09-21  14:43:06 [Info]:   IAC Default: 0000000000
2017-09-21  14:43:06 [Info]:   TVR: 00E0040000
2017-09-21  14:43:06 [Info]:   终端执行 TAC-缺省(TC)
2017-09-21  14:43:06 [Info]:   ======================== 卡片行为分析 开始 =================================
2017-09-21  14:43:08 [Info]:   80AE400000
2017-09-21  14:43:08 [Error]:   GAC return data incorrected. value []
2017-09-21  14:43:08 [Info]:   ======================== 联机处理 开始 =================================
2017-09-21  14:43:08 [Error]:   联机处理 生成ARPC失败
2017-09-21  14:43:08 [Info]:   ======================== 交易结束 开始 =================================
2017-09-21  14:43:10 [Info]:   80AE000000
2017-09-21  14:44:31 [Info]:   读取读卡器名称: Identive uTrust 4700 F CL Reader 1
2017-09-21  14:44:31 [Info]:   读取读卡器名称: Identive uTrust 4700 F Contact Reader 0
2017-09-21  14:44:34 [Debug]:   Start PBOC trans...
2017-09-21  14:44:35 [Info]:   00A404000E325041592E5359532E4444463031
2017-09-21  14:44:35 [Info]:   [84]=325041592E5359532E4444463031
2017-09-21  14:44:35 [Info]:   [4F]=A000000333010101
2017-09-21  14:44:35 [Info]:   [50]=50424F43204445424954
2017-09-21  14:44:35 [Info]:   [87]=01
2017-09-21  14:44:35 [Info]:   00A4040008A000000333010101
2017-09-21  14:44:35 [Info]:   [84]=A000000333010101
2017-09-21  14:44:35 [Info]:   [50]=50424F43204445424954
2017-09-21  14:44:35 [Info]:   [87]=01
2017-09-21  14:44:35 [Info]:   [9F38]=9F66049F02069F03069F1A0295055F2A029A039C019F3704DF6001DF6901
2017-09-21  14:44:35 [Info]:   [5F2D]=7A68
2017-09-21  14:44:35 [Info]:   [9F11]=01
2017-09-21  14:44:35 [Info]:   [9F12]=50424F43204445424954
2017-09-21  14:44:35 [Info]:   [9F4D]=0B0A
2017-09-21  14:44:35 [Info]:   [DF4D]=0C0A
2017-09-21  14:44:35 [Info]:   [DF61]=C2
2017-09-21  14:44:35 [Info]:   ======================== 应用初始化 开始 =================================
2017-09-21  14:44:35 [Error]:   terminal tag 95 is empty string
2017-09-21  14:44:35 [Info]:   ======================== 读应用数据 开始 =================================
2017-09-21  14:44:35 [Error]:   tag 94 can not be found!
2017-09-21  14:44:35 [Info]:   ======================== 脱机数据认证 开始 =================================
2017-09-21  14:44:35 [Info]:   Issuser Public Key: 
2017-09-21  14:44:35 [Info]:   static app data: 
2017-09-21  14:44:35 [Info]:   SDA validate failed.
2017-09-21  14:44:35 [Info]:   ======================== 处理限制 开始 =================================
2017-09-21  14:44:35 [Error]:   生效日期错误: 生效日期:[], 交易日期[170921]
2017-09-21  14:44:35 [Error]:   失效日期错误: 失效日期:[],交易日期[170921]
2017-09-21  14:44:35 [Info]:   应用版本号检查失败!卡片应用版本号:[],终端应用版本号:[0030]
2017-09-21  14:44:35 [Error]:   AUC format error. value[]
2017-09-21  14:44:35 [Info]:   ======================== 持卡人验证 开始 =================================
2017-09-21  14:44:35 [Error]:   CMV format error. value[]
2017-09-21  14:44:35 [Info]:   ======================== 终端风险管理 开始 =================================
2017-09-21  14:44:35 [Info]:   80CA0081
2017-09-21  14:44:35 [Info]:   80CA9F13
2017-09-21  14:44:35 [Info]:   80CA9F36
2017-09-21  14:44:35 [Error]:   Offline trans floor limit format error. value[]
2017-09-21  14:44:35 [Info]:   ======================== 终端行为分析 开始 =================================
2017-09-21  14:44:35 [Info]:   IAC Default: 0000000000
2017-09-21  14:44:35 [Info]:   TVR: 00E0040000
2017-09-21  14:44:35 [Info]:   终端执行 TAC-缺省(TC)
2017-09-21  14:44:35 [Info]:   ======================== 卡片行为分析 开始 =================================
2017-09-21  14:44:35 [Info]:   80AE400000
2017-09-21  14:44:35 [Error]:   GAC return data incorrected. value []
2017-09-21  14:44:35 [Info]:   ======================== 联机处理 开始 =================================
2017-09-21  14:44:35 [Error]:   联机处理 生成ARPC失败
2017-09-21  14:44:35 [Info]:   ======================== 交易结束 开始 =================================
2017-09-21  14:44:35 [Info]:   80AE000000
2017-09-21  14:44:35 [Debug]:   PBOC trans end.
2017-09-21  14:44:50 [Debug]:   Start PBOC trans...
2017-09-21  14:44:50 [Info]:   00A404000E325041592E5359532E4444463031
2017-09-21  14:44:50 [Info]:   [84]=325041592E5359532E4444463031
2017-09-21  14:44:50 [Info]:   [4F]=A000000333010101
2017-09-21  14:44:50 [Info]:   [50]=50424F43204445424954
2017-09-21  14:44:50 [Info]:   [87]=01
2017-09-21  14:44:50 [Info]:   00A4040008A000000333010101
2017-09-21  14:44:50 [Info]:   [84]=A000000333010101
2017-09-21  14:44:50 [Info]:   [50]=50424F43204445424954
2017-09-21  14:44:50 [Info]:   [87]=01
2017-09-21  14:44:50 [Info]:   [9F38]=9F66049F02069F03069F1A0295055F2A029A039C019F3704DF6001DF6901
2017-09-21  14:44:50 [Info]:   [5F2D]=7A68
2017-09-21  14:44:50 [Info]:   [9F11]=01
2017-09-21  14:44:50 [Info]:   [9F12]=50424F43204445424954
2017-09-21  14:44:50 [Info]:   [9F4D]=0B0A
2017-09-21  14:44:50 [Info]:   [DF4D]=0C0A
2017-09-21  14:44:50 [Info]:   [DF61]=C2
2017-09-21  14:44:50 [Info]:   ======================== 应用初始化 开始 =================================
2017-09-21  14:44:50 [Error]:   terminal tag DF60 is empty string
2017-09-21  14:44:50 [Info]:   ======================== 读应用数据 开始 =================================
2017-09-21  14:44:50 [Error]:   tag 94 can not be found!
2017-09-21  14:44:50 [Info]:   ======================== 脱机数据认证 开始 =================================
2017-09-21  14:44:50 [Info]:   Issuser Public Key: 
2017-09-21  14:44:50 [Info]:   static app data: 
2017-09-21  14:44:50 [Info]:   SDA validate failed.
2017-09-21  14:44:50 [Info]:   ======================== 处理限制 开始 =================================
2017-09-21  14:44:50 [Error]:   生效日期错误: 生效日期:[], 交易日期[170921]
2017-09-21  14:44:50 [Error]:   失效日期错误: 失效日期:[],交易日期[170921]
2017-09-21  14:44:50 [Info]:   应用版本号检查失败!卡片应用版本号:[],终端应用版本号:[0030]
2017-09-21  14:44:50 [Error]:   AUC format error. value[]
2017-09-21  14:44:50 [Info]:   ======================== 持卡人验证 开始 =================================
2017-09-21  14:44:50 [Error]:   CMV format error. value[]
2017-09-21  14:44:50 [Info]:   ======================== 终端风险管理 开始 =================================
2017-09-21  14:44:50 [Info]:   80CA0081
2017-09-21  14:44:50 [Info]:   80CA9F13
2017-09-21  14:44:50 [Info]:   80CA9F36
2017-09-21  14:44:50 [Error]:   Offline trans floor limit format error. value[]
2017-09-21  14:44:50 [Info]:   ======================== 终端行为分析 开始 =================================
2017-09-21  14:44:50 [Info]:   IAC Default: 0000000000
2017-09-21  14:44:50 [Info]:   TVR: 00E0040000
2017-09-21  14:44:50 [Info]:   终端执行 TAC-缺省(TC)
2017-09-21  14:44:50 [Info]:   ======================== 卡片行为分析 开始 =================================
2017-09-21  14:44:50 [Info]:   80AE400000
2017-09-21  14:44:50 [Error]:   GAC return data incorrected. value []
2017-09-21  14:44:50 [Info]:   ======================== 联机处理 开始 =================================
2017-09-21  14:44:50 [Error]:   联机处理 生成ARPC失败
2017-09-21  14:44:50 [Info]:   ======================== 交易结束 开始 =================================
2017-09-21  14:44:50 [Info]:   80AE000000
2017-09-21  14:44:50 [Debug]:   PBOC trans end.
2017-09-21  14:55:43 [Info]:   读取读卡器名称: Identive uTrust 4700 F CL Reader 1
2017-09-21  14:55:43 [Info]:   读取读卡器名称: Identive uTrust 4700 F Contact Reader 0
2017-09-26  09:23:49 [Error]:   SCardListReaders Fail! RetCode 8010002E,请检查Windows的智能卡服务
2017-09-26  09:24:16 [Error]:   SCardListReaders Fail! RetCode 8010002E,请检查Windows的智能卡服务
2017-09-26  09:24:52 [Error]:   SCardListReaders Fail! RetCode 8010002E,请检查Windows的智能卡服务
2017-09-26  10:51:01 [Error]:   SCardListReaders Fail! RetCode 8010002E,请检查Windows的智能卡服务
2017-09-26  12:13:54 [Error]:   SCardListReaders Fail! RetCode 8010002E,请检查Windows的智能卡服务
2017-09-29  08:31:55 [Info]:   读取读卡器名称: Identive uTrust 4700 F CL Reader 3
2017-09-29  08:31:55 [Info]:   读取读卡器名称: Identive uTrust 4700 F Contact Reader 2
2017-09-29  08:32:43 [Info]:   00A4040008A000000003000000
2017-09-29  11:02:20 [Info]:   读取读卡器名称: Identive uTrust 4700 F CL Reader 3
2017-09-29  11:02:20 [Info]:   读取读卡器名称: Identive uTrust 4700 F Contact Reader 2
2017-09-29  11:53:31 [Info]:   读取读卡器名称: Identive uTrust 4700 F CL Reader 3
2017-09-29  11:53:31 [Info]:   读取读卡器名称: Identive uTrust 4700 F Contact Reader 2
2017-09-29  14:41:07 [Info]:   读取读卡器名称: Identive uTrust 4700 F CL Reader 3
2017-09-29  14:41:07 [Info]:   读取读卡器名称: Identive uTrust 4700 F Contact Reader 2
2017-09-29  15:34:59 [Info]:   读取读卡器名称: Identive uTrust 4700 F CL Reader 3
2017-09-29  15:34:59 [Info]:   读取读卡器名称: Identive uTrust 4700 F Contact Reader 2
2017-09-29  15:36:09 [Info]:   读取读卡器名称: Identive uTrust 4700 F CL Reader 3
2017-09-29  15:36:09 [Info]:   读取读卡器名称: Identive uTrust 4700 F Contact Reader 2
2017-09-29  15:36:32 [Info]:   读取读卡器名称: Identive uTrust 4700 F CL Reader 3
2017-09-29  15:36:32 [Info]:   读取读卡器名称: Identive uTrust 4700 F Contact Reader 2
2017-09-29  15:37:23 [Info]:   读取读卡器名称: Identive uTrust 4700 F CL Reader 3
2017-09-29  15:37:23 [Info]:   读取读卡器名称: Identive uTrust 4700 F Contact Reader 2
2017-09-29  15:38:18 [Info]:   读取读卡器名称: Identive uTrust 4700 F CL Reader 3
2017-09-29  15:38:18 [Info]:   读取读卡器名称: Identive uTrust 4700 F Contact Reader 2
2017-09-29  16:01:25 [Info]:   读取读卡器名称: Identive uTrust 4700 F CL Reader 3
2017-09-29  16:01:25 [Info]:   读取读卡器名称: Identive uTrust 4700 F Contact Reader 2
2017-10-09  09:44:40 [Error]:   SCardListReaders Fail! RetCode 8010002E,请检查Windows的智能卡服务
2017-10-19  17:11:10 [Error]:   SCardListReaders Fail! RetCode 8010002E,请检查Windows的智能卡服务
2017-10-19  17:13:32 [Error]:   SCardListReaders Fail! RetCode 8010002E,请检查Windows的智能卡服务
2017-10-19  17:13:59 [Error]:   SCardListReaders Fail! RetCode 8010002E,请检查Windows的智能卡服务
2017-10-19  17:21:00 [Error]:   SCardListReaders Fail! RetCode 8010002E,请检查Windows的智能卡服务
2017-10-19  17:21:33 [Error]:   SCardListReaders Fail! RetCode 8010002E,请检查Windows的智能卡服务
2017-10-19  17:25:31 [Error]:   SCardListReaders Fail! RetCode 8010002E,请检查Windows的智能卡服务
2017-10-19  17:26:28 [Error]:   SCardListReaders Fail! RetCode 8010002E,请检查Windows的智能卡服务
2017-10-19  17:27:05 [Error]:   SCardListReaders Fail! RetCode 8010002E,请检查Windows的智能卡服务
2017-10-19  17:27:24 [Error]:   SCardListReaders Fail! RetCode 8010002E,请检查Windows的智能卡服务
2017-10-19  17:29:45 [Error]:   SCardListReaders Fail! RetCode 8010002E,请检查Windows的智能卡服务
2017-10-19  17:33:41 [Error]:   SCardListReaders Fail! RetCode 8010002E,请检查Windows的智能卡服务
2017-10-20  09:07:01 [Error]:   SCardListReaders Fail! RetCode 8010002E,请检查Windows的智能卡服务
2017-10-20  16:14:42 [Error]:   SCardListReaders Fail! RetCode 8010002E,请检查Windows的智能卡服务
2017-11-02  09:40:57 [Info]:   读取读卡器名称: Identive uTrust 4700 F CL Reader 3
2017-11-02  09:40:57 [Info]:   读取读卡器名称: Identive uTrust 4700 F Contact Reader 2
2017-11-02  09:42:52 [Info]:   读取读卡器名称: Identive uTrust 4700 F CL Reader 3
2017-11-02  09:42:52 [Info]:   读取读卡器名称: Identive uTrust 4700 F Contact Reader 2
2017-11-02  10:01:57 [Info]:   读取读卡器名称: Identive uTrust 4700 F CL Reader 3
2017-11-02  10:01:57 [Info]:   读取读卡器名称: Identive uTrust 4700 F Contact Reader 2
2017-11-02  10:07:07 [Info]:   读取读卡器名称: Identive uTrust 4700 F CL Reader 3
2017-11-02  10:07:07 [Info]:   读取读卡器名称: Identive uTrust 4700 F Contact Reader 2
2017-11-02  10:09:40 [Info]:   读取读卡器名称: Identive uTrust 4700 F CL Reader 3
2017-11-02  10:09:40 [Info]:   读取读卡器名称: Identive uTrust 4700 F Contact Reader 2
2017-11-02  10:36:09 [Info]:   读取读卡器名称: Identive uTrust 4700 F CL Reader 3
2017-11-02  10:36:09 [Info]:   读取读卡器名称: Identive uTrust 4700 F Contact Reader 2
2017-11-02  11:18:59 [Info]:   读取读卡器名称: Identive uTrust 4700 F CL Reader 3
2017-11-02  11:18:59 [Info]:   读取读卡器名称: Identive uTrust 4700 F Contact Reader 2
2017-11-02  11:20:28 [Info]:   读取读卡器名称: Identive uTrust 4700 F CL Reader 3
2017-11-02  11:20:28 [Info]:   读取读卡器名称: Identive uTrust 4700 F Contact Reader 2
2017-11-02  11:21:10 [Info]:   读取读卡器名称: Identive uTrust 4700 F CL Reader 3
2017-11-02  11:21:10 [Info]:   读取读卡器名称: Identive uTrust 4700 F Contact Reader 2
2017-11-02  11:21:28 [Info]:   读取读卡器名称: Identive uTrust 4700 F CL Reader 3
2017-11-02  11:21:28 [Info]:   读取读卡器名称: Identive uTrust 4700 F Contact Reader 2
2017-11-03  16:32:14 [Error]:   SCardListReaders Fail! RetCode 8010002E,请检查Windows的智能卡服务
2017-11-03  16:35:44 [Error]:   SCardListReaders Fail! RetCode 8010002E,请检查Windows的智能卡服务
